2025-05-02T09:20:25.392+05:30  INFO 29280 --- [ProductCrudOperationsUsingSpringJpa] [restartedMain] tCrudOperationsUsingSpringJpaApplication : Starting ProductCrudOperationsUsingSpringJpaApplication using Java 21.0.6 with PID 29280 (C:\Users\2401162\git\repository\ProductCrudOperationsUsingSpringDataJpaRest\target\classes started by 2401162 in C:\Users\2401162\git\repository\ProductCrudOperationsUsingSpringDataJpaRest)
2025-05-02T09:20:25.400+05:30  INFO 29280 --- [ProductCrudOperationsUsingSpringJpa] [restartedMain] tCrudOperationsUsingSpringJpaApplication : No active profile set, falling back to 1 default profile: "default"
2025-05-02T09:20:25.475+05:30  INFO 29280 --- [ProductCrudOperationsUsingSpringJpa] [restartedMain] .e.DevToolsPropertyDefaultsPostProcessor : Devtools property defaults active! Set 'spring.devtools.add-properties' to 'false' to disable
2025-05-02T09:20:25.475+05:30  INFO 29280 --- [ProductCrudOperationsUsingSpringJpa] [restartedMain] .e.DevToolsPropertyDefaultsPostProcessor : For additional web related logging consider setting the 'logging.level.web' property to 'DEBUG'
2025-05-02T09:20:27.240+05:30  INFO 29280 --- [ProductCrudOperationsUsingSpringJpa] [restartedMain] .s.d.r.c.RepositoryConfigurationDelegate : Bootstrapping Spring Data JPA repositories in DEFAULT mode.
2025-05-02T09:20:27.307+05:30  INFO 29280 --- [ProductCrudOperationsUsingSpringJpa] [restartedMain] .s.d.r.c.RepositoryConfigurationDelegate : Finished Spring Data repository scanning in 54 ms. Found 1 JPA repository interface.
2025-05-02T09:20:28.306+05:30  INFO 29280 --- [ProductCrudOperationsUsingSpringJpa] [restartedMain] o.s.b.w.embedded.tomcat.TomcatWebServer  : Tomcat initialized with port 1234 (http)
2025-05-02T09:20:28.327+05:30  INFO 29280 --- [ProductCrudOperationsUsingSpringJpa] [restartedMain] o.apache.catalina.core.StandardService   : Starting service [Tomcat]
2025-05-02T09:20:28.328+05:30  INFO 29280 --- [ProductCrudOperationsUsingSpringJpa] [restartedMain] o.apache.catalina.core.StandardEngine    : Starting Servlet engine: [Apache Tomcat/10.1.39]
2025-05-02T09:20:28.399+05:30  INFO 29280 --- [ProductCrudOperationsUsingSpringJpa] [restartedMain] o.a.c.c.C.[Tomcat].[localhost].[/]       : Initializing Spring embedded WebApplicationContext
2025-05-02T09:20:28.400+05:30  INFO 29280 --- [ProductCrudOperationsUsingSpringJpa] [restartedMain] w.s.c.ServletWebServerApplicationContext : Root WebApplicationContext: initialization completed in 2924 ms
2025-05-02T09:20:28.813+05:30  INFO 29280 --- [ProductCrudOperationsUsingSpringJpa] [restartedMain] o.hibernate.jpa.internal.util.LogHelper  : HHH000204: Processing PersistenceUnitInfo [name: default]
2025-05-02T09:20:28.914+05:30  INFO 29280 --- [ProductCrudOperationsUsingSpringJpa] [restartedMain] org.hibernate.Version                    : HHH000412: Hibernate ORM core version 6.6.11.Final
2025-05-02T09:20:28.968+05:30  INFO 29280 --- [ProductCrudOperationsUsingSpringJpa] [restartedMain] o.h.c.internal.RegionFactoryInitiator    : HHH000026: Second-level cache disabled
2025-05-02T09:20:29.402+05:30  INFO 29280 --- [ProductCrudOperationsUsingSpringJpa] [restartedMain] o.s.o.j.p.SpringPersistenceUnitInfo      : No LoadTimeWeaver setup: ignoring JPA class transformer
2025-05-02T09:20:29.453+05:30  INFO 29280 --- [ProductCrudOperationsUsingSpringJpa] [restartedMain] com.zaxxer.hikari.HikariDataSource       : HikariPool-1 - Starting...
2025-05-02T09:20:30.041+05:30  INFO 29280 --- [ProductCrudOperationsUsingSpringJpa] [restartedMain] com.zaxxer.hikari.pool.HikariPool        : HikariPool-1 - Added connection com.mysql.cj.jdbc.ConnectionImpl@7b700199
2025-05-02T09:20:30.043+05:30  INFO 29280 --- [ProductCrudOperationsUsingSpringJpa] [restartedMain] com.zaxxer.hikari.HikariDataSource       : HikariPool-1 - Start completed.
2025-05-02T09:20:30.118+05:30  WARN 29280 --- [ProductCrudOperationsUsingSpringJpa] [restartedMain] org.hibernate.orm.deprecation            : HHH90000025: MySQLDialect does not need to be specified explicitly using 'hibernate.dialect' (remove the property setting and it will be selected by default)
2025-05-02T09:20:30.155+05:30  INFO 29280 --- [ProductCrudOperationsUsingSpringJpa] [restartedMain] org.hibernate.orm.connections.pooling    : HHH10001005: Database info:
	Database JDBC URL [Connecting through datasource 'HikariDataSource (HikariPool-1)']
	Database driver: undefined/unknown
	Database version: 8.0.41
	Autocommit mode: undefined/unknown
	Isolation level: undefined/unknown
	Minimum pool size: undefined/unknown
	Maximum pool size: undefined/unknown
2025-05-02T09:20:31.270+05:30  INFO 29280 --- [ProductCrudOperationsUsingSpringJpa] [restartedMain] o.h.e.t.j.p.i.JtaPlatformInitiator       : HHH000489: No JTA platform available (set 'hibernate.transaction.jta.platform' to enable JTA platform integration)
2025-05-02T09:20:31.331+05:30  INFO 29280 --- [ProductCrudOperationsUsingSpringJpa] [restartedMain] j.LocalContainerEntityManagerFactoryBean : Initialized JPA EntityManagerFactory for persistence unit 'default'
2025-05-02T09:20:31.775+05:30  INFO 29280 --- [ProductCrudOperationsUsingSpringJpa] [restartedMain] o.s.d.j.r.query.QueryEnhancerFactory     : Hibernate is in classpath; If applicable, HQL parser will be used.
2025-05-02T09:20:32.508+05:30  WARN 29280 --- [ProductCrudOperationsUsingSpringJpa] [restartedMain] JpaBaseConfiguration$JpaWebConfiguration : spring.jpa.open-in-view is enabled by default. Therefore, database queries may be performed during view rendering. Explicitly configure spring.jpa.open-in-view to disable this warning
2025-05-02T09:20:33.434+05:30  INFO 29280 --- [ProductCrudOperationsUsingSpringJpa] [restartedMain] o.s.b.a.h2.H2ConsoleAutoConfiguration    : H2 console available at '/h2-console'. Database available at 'jdbc:mysql://localhost:3306/cts1?createDatabaseIfNotExist=true'
2025-05-02T09:20:33.501+05:30  INFO 29280 --- [ProductCrudOperationsUsingSpringJpa] [restartedMain] o.s.b.d.a.OptionalLiveReloadServer       : LiveReload server is running on port 35729
2025-05-02T09:20:33.514+05:30  INFO 29280 --- [ProductCrudOperationsUsingSpringJpa] [restartedMain] o.s.b.a.e.web.EndpointLinksResolver      : Exposing 15 endpoints beneath base path '/actuator'
2025-05-02T09:20:33.641+05:30  INFO 29280 --- [ProductCrudOperationsUsingSpringJpa] [restartedMain] o.s.b.w.embedded.tomcat.TomcatWebServer  : Tomcat started on port 1234 (http) with context path '/'
2025-05-02T09:20:33.653+05:30  INFO 29280 --- [ProductCrudOperationsUsingSpringJpa] [restartedMain] tCrudOperationsUsingSpringJpaApplication : Started ProductCrudOperationsUsingSpringJpaApplication in 8.972 seconds (process running for 10.245)
2025-05-02T09:20:34.330+05:30  INFO 29280 --- [ProductCrudOperationsUsingSpringJpa] [RMI TCP Connection(4)-127.0.0.1] o.a.c.c.C.[Tomcat].[localhost].[/]       : Initializing Spring DispatcherServlet 'dispatcherServlet'
2025-05-02T09:20:34.330+05:30  INFO 29280 --- [ProductCrudOperationsUsingSpringJpa] [RMI TCP Connection(4)-127.0.0.1] o.s.web.servlet.DispatcherServlet        : Initializing Servlet 'dispatcherServlet'
2025-05-02T09:20:34.332+05:30  INFO 29280 --- [ProductCrudOperationsUsingSpringJpa] [RMI TCP Connection(4)-127.0.0.1] o.s.web.servlet.DispatcherServlet        : Completed initialization in 2 ms
2025-05-02T09:45:37.627+05:30  INFO 29280 --- [ProductCrudOperationsUsingSpringJpa] [File Watcher] rtingClassPathChangeChangedEventListener : Restarting due to 3 class path changes (0 additions, 0 deletions, 3 modifications)
2025-05-02T09:45:37.636+05:30  INFO 29280 --- [ProductCrudOperationsUsingSpringJpa] [Thread-5] o.s.b.w.e.tomcat.GracefulShutdown        : Commencing graceful shutdown. Waiting for active requests to complete
2025-05-02T09:45:37.647+05:30  INFO 29280 --- [ProductCrudOperationsUsingSpringJpa] [tomcat-shutdown] o.s.b.w.e.tomcat.GracefulShutdown        : Graceful shutdown complete
2025-05-02T09:45:37.658+05:30  INFO 29280 --- [ProductCrudOperationsUsingSpringJpa] [Thread-5] j.LocalContainerEntityManagerFactoryBean : Closing JPA EntityManagerFactory for persistence unit 'default'
2025-05-02T09:45:37.667+05:30  INFO 29280 --- [ProductCrudOperationsUsingSpringJpa] [Thread-5] com.zaxxer.hikari.HikariDataSource       : HikariPool-1 - Shutdown initiated...
2025-05-02T09:45:37.689+05:30  INFO 29280 --- [ProductCrudOperationsUsingSpringJpa] [Thread-5] com.zaxxer.hikari.HikariDataSource       : HikariPool-1 - Shutdown completed.
2025-05-02T09:45:37.843+05:30  INFO 29280 --- [ProductCrudOperationsUsingSpringJpa] [restartedMain] tCrudOperationsUsingSpringJpaApplication : Starting ProductCrudOperationsUsingSpringJpaApplication using Java 21.0.6 with PID 29280 (C:\Users\2401162\git\repository\ProductCrudOperationsUsingSpringDataJpaRest\target\classes started by 2401162 in C:\Users\2401162\git\repository\ProductCrudOperationsUsingSpringDataJpaRest)
2025-05-02T09:45:37.844+05:30  INFO 29280 --- [ProductCrudOperationsUsingSpringJpa] [restartedMain] tCrudOperationsUsingSpringJpaApplication : No active profile set, falling back to 1 default profile: "default"
2025-05-02T09:45:38.380+05:30  INFO 29280 --- [ProductCrudOperationsUsingSpringJpa] [restartedMain] .s.d.r.c.RepositoryConfigurationDelegate : Bootstrapping Spring Data JPA repositories in DEFAULT mode.
2025-05-02T09:45:38.391+05:30  INFO 29280 --- [ProductCrudOperationsUsingSpringJpa] [restartedMain] .s.d.r.c.RepositoryConfigurationDelegate : Finished Spring Data repository scanning in 9 ms. Found 1 JPA repository interface.
2025-05-02T09:45:38.605+05:30  INFO 29280 --- [ProductCrudOperationsUsingSpringJpa] [restartedMain] o.s.b.w.embedded.tomcat.TomcatWebServer  : Tomcat initialized with port 1234 (http)
2025-05-02T09:45:38.608+05:30  INFO 29280 --- [ProductCrudOperationsUsingSpringJpa] [restartedMain] o.apache.catalina.core.StandardService   : Starting service [Tomcat]
2025-05-02T09:45:38.608+05:30  INFO 29280 --- [ProductCrudOperationsUsingSpringJpa] [restartedMain] o.apache.catalina.core.StandardEngine    : Starting Servlet engine: [Apache Tomcat/10.1.39]
2025-05-02T09:45:38.637+05:30  INFO 29280 --- [ProductCrudOperationsUsingSpringJpa] [restartedMain] o.a.c.c.C.[Tomcat].[localhost].[/]       : Initializing Spring embedded WebApplicationContext
2025-05-02T09:45:38.637+05:30  INFO 29280 --- [ProductCrudOperationsUsingSpringJpa] [restartedMain] w.s.c.ServletWebServerApplicationContext : Root WebApplicationContext: initialization completed in 789 ms
2025-05-02T09:45:38.789+05:30  INFO 29280 --- [ProductCrudOperationsUsingSpringJpa] [restartedMain] o.hibernate.jpa.internal.util.LogHelper  : HHH000204: Processing PersistenceUnitInfo [name: default]
2025-05-02T09:45:38.793+05:30  INFO 29280 --- [ProductCrudOperationsUsingSpringJpa] [restartedMain] o.h.c.internal.RegionFactoryInitiator    : HHH000026: Second-level cache disabled
2025-05-02T09:45:38.809+05:30  INFO 29280 --- [ProductCrudOperationsUsingSpringJpa] [restartedMain] o.s.o.j.p.SpringPersistenceUnitInfo      : No LoadTimeWeaver setup: ignoring JPA class transformer
2025-05-02T09:45:38.810+05:30  INFO 29280 --- [ProductCrudOperationsUsingSpringJpa] [restartedMain] com.zaxxer.hikari.HikariDataSource       : HikariPool-2 - Starting...
2025-05-02T09:45:38.829+05:30  INFO 29280 --- [ProductCrudOperationsUsingSpringJpa] [restartedMain] com.zaxxer.hikari.pool.HikariPool        : HikariPool-2 - Added connection com.mysql.cj.jdbc.ConnectionImpl@5e4ee91b
2025-05-02T09:45:38.830+05:30  INFO 29280 --- [ProductCrudOperationsUsingSpringJpa] [restartedMain] com.zaxxer.hikari.HikariDataSource       : HikariPool-2 - Start completed.
2025-05-02T09:45:38.831+05:30  WARN 29280 --- [ProductCrudOperationsUsingSpringJpa] [restartedMain] org.hibernate.orm.deprecation            : HHH90000025: MySQLDialect does not need to be specified explicitly using 'hibernate.dialect' (remove the property setting and it will be selected by default)
2025-05-02T09:45:38.832+05:30  INFO 29280 --- [ProductCrudOperationsUsingSpringJpa] [restartedMain] org.hibernate.orm.connections.pooling    : HHH10001005: Database info:
	Database JDBC URL [Connecting through datasource 'HikariDataSource (HikariPool-2)']
	Database driver: undefined/unknown
	Database version: 8.0.41
	Autocommit mode: undefined/unknown
	Isolation level: undefined/unknown
	Minimum pool size: undefined/unknown
	Maximum pool size: undefined/unknown
2025-05-02T09:45:38.876+05:30  INFO 29280 --- [ProductCrudOperationsUsingSpringJpa] [restartedMain] o.h.e.t.j.p.i.JtaPlatformInitiator       : HHH000489: No JTA platform available (set 'hibernate.transaction.jta.platform' to enable JTA platform integration)
2025-05-02T09:45:38.886+05:30  INFO 29280 --- [ProductCrudOperationsUsingSpringJpa] [restartedMain] j.LocalContainerEntityManagerFactoryBean : Initialized JPA EntityManagerFactory for persistence unit 'default'
2025-05-02T09:45:39.028+05:30  WARN 29280 --- [ProductCrudOperationsUsingSpringJpa] [restartedMain] JpaBaseConfiguration$JpaWebConfiguration : spring.jpa.open-in-view is enabled by default. Therefore, database queries may be performed during view rendering. Explicitly configure spring.jpa.open-in-view to disable this warning
2025-05-02T09:45:39.401+05:30  INFO 29280 --- [ProductCrudOperationsUsingSpringJpa] [restartedMain] o.s.b.a.h2.H2ConsoleAutoConfiguration    : H2 console available at '/h2-console'. Database available at 'jdbc:mysql://localhost:3306/cts1?createDatabaseIfNotExist=true'
2025-05-02T09:45:39.426+05:30  INFO 29280 --- [ProductCrudOperationsUsingSpringJpa] [restartedMain] o.s.b.d.a.OptionalLiveReloadServer       : LiveReload server is running on port 35729
2025-05-02T09:45:39.433+05:30  INFO 29280 --- [ProductCrudOperationsUsingSpringJpa] [restartedMain] o.s.b.a.e.web.EndpointLinksResolver      : Exposing 15 endpoints beneath base path '/actuator'
2025-05-02T09:45:39.507+05:30  INFO 29280 --- [ProductCrudOperationsUsingSpringJpa] [restartedMain] o.s.b.w.embedded.tomcat.TomcatWebServer  : Tomcat started on port 1234 (http) with context path '/'
2025-05-02T09:45:39.514+05:30  INFO 29280 --- [ProductCrudOperationsUsingSpringJpa] [restartedMain] tCrudOperationsUsingSpringJpaApplication : Started ProductCrudOperationsUsingSpringJpaApplication in 1.718 seconds (process running for 1516.106)
2025-05-02T09:45:39.517+05:30  INFO 29280 --- [ProductCrudOperationsUsingSpringJpa] [restartedMain] .ConditionEvaluationDeltaLoggingListener : Condition evaluation unchanged
2025-05-02T09:57:15.420+05:30  INFO 29280 --- [ProductCrudOperationsUsingSpringJpa] [http-nio-1234-exec-1] o.apache.coyote.http11.Http11Processor   : Error parsing HTTP request header
 Note: further occurrences of HTTP request parsing errors will be logged at DEBUG level.

java.lang.IllegalArgumentException: Invalid character found in method name [0x160x030x030x010xf40x010x000x010xf00x030x030xa40x840x940x811R30xb40xba0xa70x0b0xca0xa9P}0x1d,0x950xec(0xb5U0xb00x160xea0xc20xde0xb14<0xf20xb90x000x01|0x000x000x000x010x000x020x000x030x000x040x000x050x000x060x000x070x000x080x000x090x000x0a0x000x0b0x000x0c0x000x0d0x000x0e0x000x0f0x000x100x000x110x000x120x000x130x000x140x000x150x000x160x000x170x000x180x000x190x000x1a0x000x1b0x00/0x0000x0010x0020x0030x0040x0050x0060x0070x0080x0090x00:0x00;0x00<0x00=0x00>0x00?0x00@0x00A0x00B0x00C0x00D0x00E0x00F0x00g0x00h0x00i0x00j0x00k0x00l0x00m0x000x840x000x850x000x860x000x870x000x880x000x890x000x960x000x970x000x980x000x990x000x9a0x000x9b0x000x9c0x000x9d0x000x9e0x000x9f0x000xa00x000xa10x000xa20x000xa30x000xa40x000xa50x000xa60x000xa70x000xba0x000xbb0x000xbc0x000xbd0x000xbe0x000xbf0x000xc00x000xc10x000xc20x000xc30x000xc40x000xc50x130x010x130x020x130x030x130x040x130x050xc00x010xc00x020xc00x030xc00x040xc00x050xc00x060xc00x070xc00x080xc00x090xc00x0a0xc00x0b0xc00x0c0xc00x0d0xc00x0e0xc00x0f0xc00x100xc00x110xc00x120xc00x130xc00x140xc00x150xc00x160xc00x170xc00x180xc00x190xc0#0xc0$0xc0%0xc0&0xc0'0xc0(0xc0)0xc0*0xc0+0xc0,0xc0-0xc0.0xc0/0xc000xc010xc020xc0r0xc0s0xc0t0xc0u0xc0v0xc0w0xc0x0xc0y0xc0z0xc0{0xc0|0xc0}0xc0~0xc00x7f0xc00x800xc00x810xc00x820xc00x830xc00x840xc00x850xc00x860xc00x870xc00x880xc00x890xc00x8a0xc00x8b0xc00x8c0xc00x8d0xc00x8e0xc00x8f0xc00x900xc00x910xc00x920xc00x930xc00x940xc00x950xc00x960xc00x970xc00x980xc00x990xc00x9a0xc00x9b0xcc0xa80xcc0xa90xcc0xaa0xcc0xab0xcc0xac0xcc0xad0xcc0xae0x020x000x010x00J0x000x0a0x000x0a0x000x080x000x170x000x190x000x180x000x160x000x0b0x000x040x030x000x010x020x000x0d0x0000x00.0x040x030x050x030x060x030x080x070x080x080x080x1a0x080x1b0x080x1c0x080x090x080x0a0x080x0b0x080x040x080x050x080x060x040x010x050x010x060x010x030x030x030x010x030x020x040x020x050x020x060x02...]. HTTP method names must be tokens
	at org.apache.coyote.http11.Http11InputBuffer.parseRequestLine(Http11InputBuffer.java:409) ~[tomcat-embed-core-10.1.39.jar:10.1.39]
	at org.apache.coyote.http11.Http11Processor.service(Http11Processor.java:270) ~[tomcat-embed-core-10.1.39.jar:10.1.39]
	at org.apache.coyote.AbstractProcessorLight.process(AbstractProcessorLight.java:63) ~[tomcat-embed-core-10.1.39.jar:10.1.39]
	at org.apache.coyote.AbstractProtocol$ConnectionHandler.process(AbstractProtocol.java:905) ~[tomcat-embed-core-10.1.39.jar:10.1.39]
	at org.apache.tomcat.util.net.NioEndpoint$SocketProcessor.doRun(NioEndpoint.java:1743) ~[tomcat-embed-core-10.1.39.jar:10.1.39]
	at org.apache.tomcat.util.net.SocketProcessorBase.run(SocketProcessorBase.java:52) ~[tomcat-embed-core-10.1.39.jar:10.1.39]
	at org.apache.tomcat.util.threads.ThreadPoolExecutor.runWorker(ThreadPoolExecutor.java:1190) ~[tomcat-embed-core-10.1.39.jar:10.1.39]
	at org.apache.tomcat.util.threads.ThreadPoolExecutor$Worker.run(ThreadPoolExecutor.java:659) ~[tomcat-embed-core-10.1.39.jar:10.1.39]
	at org.apache.tomcat.util.threads.TaskThread$WrappingRunnable.run(TaskThread.java:63) ~[tomcat-embed-core-10.1.39.jar:10.1.39]
	at java.base/java.lang.Thread.run(Thread.java:1583) ~[na:na]

2025-05-02T10:14:13.438+05:30  INFO 29280 --- [ProductCrudOperationsUsingSpringJpa] [RMI TCP Connection(83)-127.0.0.1] inMXBeanRegistrar$SpringApplicationAdmin : Application shutdown requested.
2025-05-02T10:14:13.439+05:30  INFO 29280 --- [ProductCrudOperationsUsingSpringJpa] [RMI TCP Connection(83)-127.0.0.1] o.s.b.w.e.tomcat.GracefulShutdown        : Commencing graceful shutdown. Waiting for active requests to complete
2025-05-02T10:14:13.444+05:30  INFO 29280 --- [ProductCrudOperationsUsingSpringJpa] [tomcat-shutdown] o.s.b.w.e.tomcat.GracefulShutdown        : Graceful shutdown complete
2025-05-02T10:14:13.447+05:30  INFO 29280 --- [ProductCrudOperationsUsingSpringJpa] [RMI TCP Connection(83)-127.0.0.1] j.LocalContainerEntityManagerFactoryBean : Closing JPA EntityManagerFactory for persistence unit 'default'
2025-05-02T10:14:13.448+05:30  INFO 29280 --- [ProductCrudOperationsUsingSpringJpa] [RMI TCP Connection(83)-127.0.0.1] com.zaxxer.hikari.HikariDataSource       : HikariPool-2 - Shutdown initiated...
2025-05-02T10:14:13.455+05:30  INFO 29280 --- [ProductCrudOperationsUsingSpringJpa] [RMI TCP Connection(83)-127.0.0.1] com.zaxxer.hikari.HikariDataSource       : HikariPool-2 - Shutdown completed.
